c:\users\arash\documents\projects\ray_tracer_challenge\ray_tracer_challenge\x64\release\vc142.pdb
c:\users\arash\documents\projects\ray_tracer_challenge\ray_tracer_challenge\x64\release\projectile.obj
c:\users\arash\documents\projects\ray_tracer_challenge\ray_tracer_challenge\x64\release\tuple.obj
c:\users\arash\documents\projects\ray_tracer_challenge\ray_tracer_challenge\x64\release\source.obj
c:\users\arash\documents\projects\ray_tracer_challenge\ray_tracer_challenge\x64\release\main.obj
c:\users\arash\documents\projects\ray_tracer_challenge\ray_tracer_challenge\x64\release\imgui_widgets.obj
c:\users\arash\documents\projects\ray_tracer_challenge\ray_tracer_challenge\x64\release\imgui_tables.obj
c:\users\arash\documents\projects\ray_tracer_challenge\ray_tracer_challenge\x64\release\imgui_impl_opengl3.obj
c:\users\arash\documents\projects\ray_tracer_challenge\ray_tracer_challenge\x64\release\imgui_impl_glfw.obj
c:\users\arash\documents\projects\ray_tracer_challenge\ray_tracer_challenge\x64\release\imgui_draw.obj
c:\users\arash\documents\projects\ray_tracer_challenge\ray_tracer_challenge\x64\release\imgui_demo.obj
c:\users\arash\documents\projects\ray_tracer_challenge\ray_tracer_challenge\x64\release\imgui.obj
c:\users\arash\documents\projects\ray_tracer_challenge\ray_tracer_challenge\x64\release\environment.obj
c:\users\arash\documents\projects\ray_tracer_challenge\ray_tracer_challenge\x64\release\color.obj
c:\users\arash\documents\projects\ray_tracer_challenge\ray_tracer_challenge\x64\release\ray_trac.6a4ef5df.tlog\cl.command.1.tlog
c:\users\arash\documents\projects\ray_tracer_challenge\ray_tracer_challenge\x64\release\ray_trac.6a4ef5df.tlog\cl.read.1.tlog
c:\users\arash\documents\projects\ray_tracer_challenge\ray_tracer_challenge\x64\release\ray_trac.6a4ef5df.tlog\cl.write.1.tlog
c:\users\arash\documents\projects\ray_tracer_challenge\ray_tracer_challenge\x64\release\ray_trac.6a4ef5df.tlog\link.command.1.tlog
c:\users\arash\documents\projects\ray_tracer_challenge\ray_tracer_challenge\x64\release\ray_trac.6a4ef5df.tlog\link.read.1.tlog
c:\users\arash\documents\projects\ray_tracer_challenge\ray_tracer_challenge\x64\release\ray_trac.6a4ef5df.tlog\link.write.1.tlog
